<?xml version="1.0" encoding="UTF-8"?>
<testsuite xmlns:xsi="http://www.w3.org/2001/XMLSchema-instance" xsi:noNamespaceSchemaLocation="https://maven.apache.org/surefire/maven-surefire-plugin/xsd/surefire-test-report-3.0.xsd" version="3.0" name="io.helidon.examples.quickstart.se.MainTest" time="3.564" tests="3" errors="0" skipped="0" failures="0">
  <properties>
[...]
</properties>
  <testcase name="testSimpleGreet" classname="io.helidon.examples.quickstart.se.MainTest" time="2.799"/>
  <testcase name="testMetricsObserver" classname="io.helidon.examples.quickstart.se.MainTest" time="0.015"/>
  <testcase name="testGreeting" classname="io.helidon.examples.quickstart.se.MainTest" time="0.016"/>
</testsuite>